<?xml version="1.0" encoding="UTF-8" ?>
<testsuite tests="13" failures="0" name="labor07.db.PostgresDBTest" time="1.922" errors="0" skipped="0">
  <properties>
[...]
</properties>
  <testcase classname="labor07.db.PostgresDBTest" name="testBucheKurs" time="0.297"/>
  <testcase classname="labor07.db.PostgresDBTest" name="testDeleteKunde" time="0.156"/>
  <testcase classname="labor07.db.PostgresDBTest" name="testGetDozenten" time="0.079"/>
  <testcase classname="labor07.db.PostgresDBTest" name="testSaveKurs" time="0.218"/>
  <testcase classname="labor07.db.PostgresDBTest" name="testInsertKunde" time="0.157"/>
  <testcase classname="labor07.db.PostgresDBTest" name="testGetKurs" time="0.156"/>
  <testcase classname="labor07.db.PostgresDBTest" name="testGetKurstypen" time="0.094"/>
  <testcase classname="labor07.db.PostgresDBTest" name="testGetKundenFromKurs" time="0.14"/>
  <testcase classname="labor07.db.PostgresDBTest" name="testInsertKurstyp" time="0.157"/>
  <testcase classname="labor07.db.PostgresDBTest" name="testGetKunden" time="0.078"/>
  <testcase classname="labor07.db.PostgresDBTest" name="testDeleteKurstyp" time="0.156"/>
  <testcase classname="labor07.db.PostgresDBTest" name="testInsertKunde1" time="0.094"/>
  <testcase classname="labor07.db.PostgresDBTest" name="testStorniereKurs" time="0.14"/>
</testsuite>